\BOOKMARK [0][-]{chapter.1}{\376\377\000\040\000R\000e\000l\000a\000t\000e\000d\000\040\000W\000o\000r\000k}{}% 1
\BOOKMARK [1][-]{section.1.1}{\376\377\000R\000e\000f\000e\000r\000e\000n\000c\000e\000\040\000G\000a\000m\000e\000s}{chapter.1}% 2
\BOOKMARK [1][-]{section.1.2}{\376\377\000R\000a\000t\000i\000o\000n\000a\000l\000\040\000S\000p\000e\000e\000c\000h\000\040\000A\000c\000t\000\040\000M\000o\000d\000e\000l}{chapter.1}% 3
\BOOKMARK [1][-]{section.1.3}{\376\377\000H\000o\000w\000\040\000E\000y\000e\000\040\000T\000r\000a\000c\000k\000i\000n\000g\000\040\000i\000s\000\040\000U\000s\000e\000f\000u\000l}{chapter.1}% 4
\BOOKMARK [1][-]{section.1.4}{\376\377\000O\000u\000t\000\040\000o\000f\000\040\000L\000a\000b\000\040\000E\000y\000e\000\040\000T\000r\000a\000c\000k\000i\000n\000g}{chapter.1}% 5
\BOOKMARK [0][-]{chapter.2}{\376\377\000\040\000C\000o\000n\000c\000e\000p\000t}{}% 6
\BOOKMARK [1][-]{section.2.1}{\376\377\000R\000e\000s\000e\000a\000r\000c\000h\000\040\000Q\000u\000e\000s\000t\000i\000o\000n\000s}{chapter.2}% 7
\BOOKMARK [2][-]{subsection.2.1.1}{\376\377\000E\000s\000t\000i\000m\000a\000t\000i\000n\000g\000\040\000t\000h\000e\000\040\000P\000o\000s\000t\000e\000r\000i\000o\000r}{section.2.1}% 8
\BOOKMARK [2][-]{subsection.2.1.2}{\376\377\000E\000s\000t\000i\000m\000a\000t\000i\000n\000g\000\040\000t\000h\000e\000\040\000L\000i\000k\000e\000l\000i\000h\000o\000o\000d}{section.2.1}% 9
\BOOKMARK [0][-]{chapter.3}{\376\377\000\040\000M\000e\000t\000h\000o\000d}{}% 10
\BOOKMARK [1][-]{section.3.1}{\376\377\000D\000a\000t\000a\000\040\000C\000o\000l\000l\000e\000c\000t\000i\000o\000n}{chapter.3}% 11
\BOOKMARK [2][-]{subsection.3.1.1}{\376\377\000R\000e\000f\000e\000r\000e\000n\000c\000e\000\040\000G\000a\000m\000e\000s}{section.3.1}% 12
\BOOKMARK [2][-]{subsection.3.1.2}{\376\377\000E\000y\000e\000\040\000T\000r\000a\000c\000k\000i\000n\000g}{section.3.1}% 13
\BOOKMARK [2][-]{subsection.3.1.3}{\376\377\000C\000o\000n\000s\000e\000n\000t}{section.3.1}% 14
\BOOKMARK [1][-]{section.3.2}{\376\377\000A\000n\000a\000l\000y\000s\000i\000s}{chapter.3}% 15
\BOOKMARK [2][-]{subsection.3.2.1}{\376\377\000F\000e\000a\000t\000u\000r\000e\000s}{section.3.2}% 16
\BOOKMARK [2][-]{subsection.3.2.2}{\376\377\000D\000a\000t\000a\000\040\000P\000r\000e\000p\000r\000o\000c\000e\000s\000s\000i\000n\000g}{section.3.2}% 17
\BOOKMARK [2][-]{subsection.3.2.3}{\376\377\000E\000y\000e\000\040\000T\000r\000a\000c\000k\000i\000n\000g\000\040\000F\000e\000a\000t\000u\000r\000e\000s}{section.3.2}% 18
\BOOKMARK [2][-]{subsection.3.2.4}{\376\377\000P\000a\000i\000r\000w\000i\000s\000e\000\040\000C\000o\000r\000r\000e\000l\000a\000t\000i\000o\000n\000s}{section.3.2}% 19
\BOOKMARK [2][-]{subsection.3.2.5}{\376\377\000M\000i\000x\000e\000d\000\040\000E\000f\000f\000e\000c\000t\000s\000\040\000L\000o\000g\000i\000s\000t\000i\000c\000\040\000R\000e\000g\000r\000e\000s\000s\000i\000o\000n\000s}{section.3.2}% 20
\BOOKMARK [0][-]{chapter.4}{\376\377\000\040\000R\000e\000s\000u\000l\000t\000s}{}% 21
\BOOKMARK [1][-]{section.4.1}{\376\377\000G\000e\000n\000e\000r\000a\000l\000\040\000I\000n\000f\000o\000r\000m\000a\000t\000i\000o\000n}{chapter.4}% 22
\BOOKMARK [1][-]{section.4.2}{\376\377\000P\000a\000i\000r\000w\000i\000s\000e\000\040\000C\000o\000r\000r\000e\000l\000a\000t\000i\000o\000n\000s}{chapter.4}% 23
\BOOKMARK [1][-]{section.4.3}{\376\377\000P\000r\000e\000d\000i\000c\000t\000i\000n\000g\000\040\000A\000c\000c\000u\000r\000a\000c\000y}{chapter.4}% 24
\BOOKMARK [1][-]{section.4.4}{\376\377\000O\000n\000\040\000D\000i\000s\000t\000r\000a\000c\000t\000o\000r}{chapter.4}% 25
\BOOKMARK [1][-]{section.4.5}{\376\377\000O\000n\000\040\000A\000v\000a\000i\000l\000a\000b\000l\000e\000\040\000M\000e\000s\000s\000a\000g\000e\000s}{chapter.4}% 26
\BOOKMARK [1][-]{section.4.6}{\376\377\000R\000a\000t\000e\000\040\000o\000f\000\040\000T\000o\000g\000g\000l\000i\000n\000g}{chapter.4}% 27
\BOOKMARK [1][-]{section.4.7}{\376\377\000S\000t\000r\000a\000t\000e\000g\000i\000e\000s}{chapter.4}% 28
\BOOKMARK [1][-]{section.4.8}{\376\377\000S\000c\000a\000n\000p\000a\000t\000h\000\040\000A\000n\000a\000l\000y\000s\000i\000s}{chapter.4}% 29
\BOOKMARK [2][-]{subsection.4.8.1}{\376\377\000M\000a\000r\000k\000o\000v\000\040\000M\000o\000d\000e\000l}{section.4.8}% 30
\BOOKMARK [0][-]{chapter.5}{\376\377\000\040\000C\000o\000n\000c\000l\000u\000s\000i\000o\000n\000\040\000a\000n\000d\000\040\000G\000e\000n\000e\000r\000a\000l\000\040\000D\000i\000s\000c\000u\000s\000s\000i\000o\000n}{}% 31
\BOOKMARK [1][-]{section.5.1}{\376\377\000C\000o\000n\000c\000l\000u\000s\000i\000o\000n}{chapter.5}% 32
\BOOKMARK [1][-]{section.5.2}{\376\377\000G\000e\000n\000e\000r\000a\000l\000\040\000D\000i\000s\000c\000u\000s\000s\000i\000o\000n}{chapter.5}% 33
\BOOKMARK [2][-]{subsection.5.2.1}{\376\377\000S\000c\000a\000n\000p\000a\000t\000h\000s}{section.5.2}% 34
\BOOKMARK [2][-]{subsection.5.2.2}{\376\377\000P\000e\000r\000i\000p\000h\000e\000r\000a\000l\000\040\000V\000i\000s\000i\000o\000n}{section.5.2}% 35
\BOOKMARK [2][-]{subsection.5.2.3}{\376\377\000T\000o\000g\000g\000l\000i\000n\000g}{section.5.2}% 36
\BOOKMARK [2][-]{subsection.5.2.4}{\376\377\000P\000r\000o\000p\000o\000r\000t\000i\000o\000n\000a\000l\000\040\000E\000y\000e\000\040\000T\000r\000a\000c\000k\000i\000n\000g\000\040\000F\000e\000a\000t\000u\000r\000e\000s}{section.5.2}% 37
\BOOKMARK [2][-]{subsection.5.2.5}{\376\377\000E\000y\000e\000\040\000T\000r\000a\000c\000k\000i\000n\000g}{section.5.2}% 38
\BOOKMARK [0][-]{subsection.5.2.5}{\376\377\000A\000p\000p\000e\000n\000d\000i\000c\000e\000s}{}% 39
\BOOKMARK [0][-]{appendix.A}{\376\377\000\040\000A\000p\000p\000e\000n\000d\000i\000x\000\040\000A\000:\000\040\000A\000d\000d\000i\000t\000i\000o\000n\000a\000l\000\040\000D\000e\000t\000a\000i\000l\000s}{}% 40
\BOOKMARK [1][-]{section.A.1}{\376\377\000P\000a\000i\000r\000w\000i\000s\000e\000\040\000C\000o\000r\000r\000e\000l\000a\000t\000i\000o\000n\000s}{appendix.A}% 41
\BOOKMARK [0][-]{appendix.B}{\376\377\000\040\000A\000p\000p\000e\000n\000d\000i\000x\000\040\000B\000:\000\040\000S\000u\000p\000p\000l\000e\000m\000e\000n\000t\000a\000r\000y\000\040\000M\000a\000t\000e\000r\000i\000a\000l}{}% 42
\BOOKMARK [1][-]{section.B.1}{\376\377\000T\000r\000i\000a\000l\000s}{appendix.B}% 43
\BOOKMARK [0][-]{section*.42}{\376\377\000B\000i\000b\000l\000i\000o\000g\000r\000a\000p\000h\000y}{}% 44
